2018-11-04 17:53:53.526  INFO 35830 --- [main] s.s.c.c.Ch03EurekaServerApplicationTests : No active profile set, falling back to default profiles: default
2018-11-04 17:53:53.533  INFO 35830 --- [main] o.s.w.c.s.GenericWebApplicationContext   : Refreshing org.springframework.web.context.support.GenericWebApplicationContext@48c35007: startup date [Sun Nov 04 17:53:53 CST 2018]; parent: org.springframework.context.annotation.AnnotationConfigApplicationContext@1972e513
2018-11-04 17:53:55.047  INFO 35830 --- [main] o.s.cloud.context.scope.GenericScope     : BeanFactory id=4a079af0-d080-3c12-a7c0-f9180b6caa4d
2018-11-04 17:53:55.166  INFO 35830 --- [main] f.a.AutowiredAnnotationBeanPostProcessor : JSR-330 'javax.inject.Inject' annotation found and supported for autowiring
2018-11-04 17:53:55.250  INFO 35830 --- [main] trationDelegate$BeanPostProcessorChecker : Bean 'org.springframework.cloud.autoconfigure.ConfigurationPropertiesRebinderAutoConfiguration' of type [org.springframework.cloud.autoconfigure.ConfigurationPropertiesRebinderAutoConfiguration$$EnhancerBySpringCGLIB$$b3572af3] is not eligible for getting processed by all BeanPostProcessors (for example: not eligible for auto-proxying)
2018-11-04 17:53:55.817  WARN 35830 --- [main] c.n.c.sources.URLConfigurationSource     : No URLs will be polled as dynamic configuration sources.
2018-11-04 17:53:55.817  INFO 35830 --- [main] c.n.c.sources.URLConfigurationSource     : To enable URLs as dynamic configuration sources, define System property archaius.configurationSource.additionalUrls or make config.properties available on classpath.
2018-11-04 17:53:55.831  WARN 35830 --- [main] c.n.c.sources.URLConfigurationSource     : No URLs will be polled as dynamic configuration sources.
2018-11-04 17:53:55.832  INFO 35830 --- [main] c.n.c.sources.URLConfigurationSource     : To enable URLs as dynamic configuration sources, define System property archaius.configurationSource.additionalUrls or make config.properties available on classpath.
2018-11-04 17:53:56.580  INFO 35830 --- [main] s.w.s.m.m.a.RequestMappingHandlerAdapter : Looking for @ControllerAdvice: org.springframework.web.context.support.GenericWebApplicationContext@48c35007: startup date [Sun Nov 04 17:53:53 CST 2018]; parent: org.springframework.context.annotation.AnnotationConfigApplicationContext@1972e513
2018-11-04 17:53:56.685  INFO 35830 --- [main] s.w.s.m.m.a.RequestMappingHandlerMapping : Mapped "{[/error]}" onto public org.springframework.http.ResponseEntity<java.util.Map<java.lang.String, java.lang.Object>> org.springframework.boot.autoconfigure.web.BasicErrorController.error(javax.servlet.http.HttpServletRequest)
2018-11-04 17:53:56.687  INFO 35830 --- [main] s.w.s.m.m.a.RequestMappingHandlerMapping : Mapped "{[/error],produces=[text/html]}" onto public org.springframework.web.servlet.ModelAndView org.springframework.boot.autoconfigure.web.BasicErrorController.errorHtml(javax.servlet.http.HttpServletRequest,javax.servlet.http.HttpServletResponse)
2018-11-04 17:53:56.697  INFO 35830 --- [main] s.w.s.m.m.a.RequestMappingHandlerMapping : Mapped "{[/],methods=[GET]}" onto public java.lang.String org.springframework.cloud.netflix.eureka.server.EurekaController.status(javax.servlet.http.HttpServletRequest,java.util.Map<java.lang.String, java.lang.Object>)
2018-11-04 17:53:56.698  INFO 35830 --- [main] s.w.s.m.m.a.RequestMappingHandlerMapping : Mapped "{[/lastn],methods=[GET]}" onto public java.lang.String org.springframework.cloud.netflix.eureka.server.EurekaController.lastn(javax.servlet.http.HttpServletRequest,java.util.Map<java.lang.String, java.lang.Object>)
2018-11-04 17:53:56.745  INFO 35830 --- [main] o.s.w.s.handler.SimpleUrlHandlerMapping  : Mapped URL path [/webjars/**] onto handler of type [class org.springframework.web.servlet.resource.ResourceHttpRequestHandler]
2018-11-04 17:53:56.746  INFO 35830 --- [main] o.s.w.s.handler.SimpleUrlHandlerMapping  : Mapped URL path [/**] onto handler of type [class org.springframework.web.servlet.resource.ResourceHttpRequestHandler]
2018-11-04 17:53:56.832  INFO 35830 --- [main] o.s.w.s.handler.SimpleUrlHandlerMapping  : Mapped URL path [/**/favicon.ico] onto handler of type [class org.springframework.web.servlet.resource.ResourceHttpRequestHandler]
2018-11-04 17:53:57.781  INFO 35830 --- [main] o.s.b.a.e.mvc.EndpointHandlerMapping     : Mapped "{[/logfile || /logfile.json],methods=[GET || HEAD]}" onto public void org.springframework.boot.actuate.endpoint.mvc.LogFileMvcEndpoint.invoke(javax.servlet.http.HttpServletRequest,javax.servlet.http.HttpServletResponse) throws javax.servlet.ServletException,java.io.IOException
2018-11-04 17:53:57.782  INFO 35830 --- [main] o.s.b.a.e.mvc.EndpointHandlerMapping     : Mapped "{[/service-registry/instance-status],methods=[POST]}" onto public org.springframework.http.ResponseEntity<?> org.springframework.cloud.client.serviceregistry.endpoint.ServiceRegistryEndpoint.setStatus(java.lang.String)
2018-11-04 17:53:57.783  INFO 35830 --- [main] o.s.b.a.e.mvc.EndpointHandlerMapping     : Mapped "{[/service-registry/instance-status],methods=[GET]}" onto public org.springframework.http.ResponseEntity org.springframework.cloud.client.serviceregistry.endpoint.ServiceRegistryEndpoint.getStatus()
2018-11-04 17:53:57.784  INFO 35830 --- [main] o.s.b.a.e.mvc.EndpointHandlerMapping     : Mapped "{[/env/{name:.*}],methods=[GET],produces=[application/vnd.spring-boot.actuator.v1+json || application/json]}" onto public java.lang.Object org.springframework.boot.actuate.endpoint.mvc.EnvironmentMvcEndpoint.value(java.lang.String)
2018-11-04 17:53:57.785  INFO 35830 --- [main] o.s.b.a.e.mvc.EndpointHandlerMapping     : Mapped "{[/env || /env.json],methods=[GET],produces=[application/vnd.spring-boot.actuator.v1+json || application/json]}" onto public java.lang.Object org.springframework.boot.actuate.endpoint.mvc.EndpointMvcAdapter.invoke()
2018-11-04 17:53:57.787  INFO 35830 --- [main] o.s.b.a.e.mvc.EndpointHandlerMapping     : Mapped "{[/env],methods=[POST]}" onto public java.lang.Object org.springframework.cloud.context.environment.EnvironmentManagerMvcEndpoint.value(java.util.Map<java.lang.String, java.lang.String>)
2018-11-04 17:53:57.788  INFO 35830 --- [main] o.s.b.a.e.mvc.EndpointHandlerMapping     : Mapped "{[/env/reset],methods=[POST]}" onto public java.util.Map<java.lang.String, java.lang.Object> org.springframework.cloud.context.environment.EnvironmentManagerMvcEndpoint.reset()
2018-11-04 17:53:57.789  INFO 35830 --- [main] o.s.b.a.e.mvc.EndpointHandlerMapping     : Mapped "{[/autoconfig || /autoconfig.json],methods=[GET],produces=[application/vnd.spring-boot.actuator.v1+json || application/json]}" onto public java.lang.Object org.springframework.boot.actuate.endpoint.mvc.EndpointMvcAdapter.invoke()
2018-11-04 17:53:57.791  INFO 35830 --- [main] o.s.b.a.e.mvc.EndpointHandlerMapping     : Mapped "{[/heapdump || /heapdump.json],methods=[GET],produces=[application/octet-stream]}" onto public void org.springframework.boot.actuate.endpoint.mvc.HeapdumpMvcEndpoint.invoke(boolean,javax.servlet.http.HttpServletRequest,javax.servlet.http.HttpServletResponse) throws java.io.IOException,javax.servlet.ServletException
2018-11-04 17:53:57.792  INFO 35830 --- [main] o.s.b.a.e.mvc.EndpointHandlerMapping     : Mapped "{[/refresh || /refresh.json],methods=[POST]}" onto public java.lang.Object org.springframework.cloud.endpoint.GenericPostableMvcEndpoint.invoke()
2018-11-04 17:53:57.793  INFO 35830 --- [main] o.s.b.a.e.mvc.EndpointHandlerMapping     : Mapped "{[/health || /health.json],methods=[GET],produces=[application/vnd.spring-boot.actuator.v1+json || application/json]}" onto public java.lang.Object org.springframework.boot.actuate.endpoint.mvc.HealthMvcEndpoint.invoke(javax.servlet.http.HttpServletRequest,java.security.Principal)
2018-11-04 17:53:57.794  INFO 35830 --- [main] o.s.b.a.e.mvc.EndpointHandlerMapping     : Mapped "{[/metrics/{name:.*}],methods=[GET],produces=[application/vnd.spring-boot.actuator.v1+json || application/json]}" onto public java.lang.Object org.springframework.boot.actuate.endpoint.mvc.MetricsMvcEndpoint.value(java.lang.String)
2018-11-04 17:53:57.795  INFO 35830 --- [main] o.s.b.a.e.mvc.EndpointHandlerMapping     : Mapped "{[/metrics || /metrics.json],methods=[GET],produces=[application/vnd.spring-boot.actuator.v1+json || application/json]}" onto public java.lang.Object org.springframework.boot.actuate.endpoint.mvc.EndpointMvcAdapter.invoke()
2018-11-04 17:53:57.796  INFO 35830 --- [main] o.s.b.a.e.mvc.EndpointHandlerMapping     : Mapped "{[/info || /info.json],methods=[GET],produces=[application/vnd.spring-boot.actuator.v1+json || application/json]}" onto public java.lang.Object org.springframework.boot.actuate.endpoint.mvc.EndpointMvcAdapter.invoke()
2018-11-04 17:53:57.799  INFO 35830 --- [main] o.s.b.a.e.mvc.EndpointHandlerMapping     : Mapped "{[/trace || /trace.json],methods=[GET],produces=[application/vnd.spring-boot.actuator.v1+json || application/json]}" onto public java.lang.Object org.springframework.boot.actuate.endpoint.mvc.EndpointMvcAdapter.invoke()
2018-11-04 17:53:57.800  INFO 35830 --- [main] o.s.b.a.e.mvc.EndpointHandlerMapping     : Mapped "{[/mappings || /mappings.json],methods=[GET],produces=[application/vnd.spring-boot.actuator.v1+json || application/json]}" onto public java.lang.Object org.springframework.boot.actuate.endpoint.mvc.EndpointMvcAdapter.invoke()
2018-11-04 17:53:57.802  INFO 35830 --- [main] o.s.b.a.e.mvc.EndpointHandlerMapping     : Mapped "{[/configprops || /configprops.json],methods=[GET],produces=[application/vnd.spring-boot.actuator.v1+json || application/json]}" onto public java.lang.Object org.springframework.boot.actuate.endpoint.mvc.EndpointMvcAdapter.invoke()
2018-11-04 17:53:57.803  INFO 35830 --- [main] o.s.b.a.e.mvc.EndpointHandlerMapping     : Mapped "{[/dump || /dump.json],methods=[GET],produces=[application/vnd.spring-boot.actuator.v1+json || application/json]}" onto public java.lang.Object org.springframework.boot.actuate.endpoint.mvc.EndpointMvcAdapter.invoke()
2018-11-04 17:53:57.804  INFO 35830 --- [main] o.s.b.a.e.mvc.EndpointHandlerMapping     : Mapped "{[/beans || /beans.json],methods=[GET],produces=[application/vnd.spring-boot.actuator.v1+json || application/json]}" onto public java.lang.Object org.springframework.boot.actuate.endpoint.mvc.EndpointMvcAdapter.invoke()
2018-11-04 17:53:57.806  INFO 35830 --- [main] o.s.b.a.e.mvc.EndpointHandlerMapping     : Mapped "{[/loggers/{name:.*}],methods=[GET],produces=[application/vnd.spring-boot.actuator.v1+json || application/json]}" onto public java.lang.Object org.springframework.boot.actuate.endpoint.mvc.LoggersMvcEndpoint.get(java.lang.String)
2018-11-04 17:53:57.806  INFO 35830 --- [main] o.s.b.a.e.mvc.EndpointHandlerMapping     : Mapped "{[/loggers/{name:.*}],methods=[POST],consumes=[application/vnd.spring-boot.actuator.v1+json || application/json],produces=[application/vnd.spring-boot.actuator.v1+json || application/json]}" onto public java.lang.Object org.springframework.boot.actuate.endpoint.mvc.LoggersMvcEndpoint.set(java.lang.String,java.util.Map<java.lang.String, java.lang.String>)
2018-11-04 17:53:57.807  INFO 35830 --- [main] o.s.b.a.e.mvc.EndpointHandlerMapping     : Mapped "{[/loggers || /loggers.json],methods=[GET],produces=[application/vnd.spring-boot.actuator.v1+json || application/json]}" onto public java.lang.Object org.springframework.boot.actuate.endpoint.mvc.EndpointMvcAdapter.invoke()
2018-11-04 17:53:57.808  INFO 35830 --- [main] o.s.b.a.e.mvc.EndpointHandlerMapping     : Mapped "{[/auditevents || /auditevents.json],methods=[GET],produces=[application/vnd.spring-boot.actuator.v1+json || application/json]}" onto public org.springframework.http.ResponseEntity<?> org.springframework.boot.actuate.endpoint.mvc.AuditEventsMvcEndpoint.findByPrincipalAndAfterAndType(java.lang.String,java.util.Date,java.lang.String)
2018-11-04 17:53:57.809  INFO 35830 --- [main] o.s.b.a.e.mvc.EndpointHandlerMapping     : Mapped "{[/archaius || /archaius.json],methods=[GET],produces=[application/vnd.spring-boot.actuator.v1+json || application/json]}" onto public java.lang.Object org.springframework.boot.actuate.endpoint.mvc.EndpointMvcAdapter.invoke()
2018-11-04 17:53:57.810  INFO 35830 --- [main] o.s.b.a.e.mvc.EndpointHandlerMapping     : Mapped "{[/features || /features.json],methods=[GET],produces=[application/vnd.spring-boot.actuator.v1+json || application/json]}" onto public java.lang.Object org.springframework.boot.actuate.endpoint.mvc.EndpointMvcAdapter.invoke()
2018-11-04 17:53:58.119  INFO 35830 --- [main] o.s.ui.freemarker.SpringTemplateLoader   : SpringTemplateLoader for FreeMarker: using resource loader [org.springframework.web.context.support.GenericWebApplicationContext@48c35007: startup date [Sun Nov 04 17:53:53 CST 2018]; parent: org.springframework.context.annotation.AnnotationConfigApplicationContext@1972e513] and template loader path [classpath:/templates/]
2018-11-04 17:53:58.123  INFO 35830 --- [main] o.s.w.s.v.f.FreeMarkerConfigurer         : ClassTemplateLoader for Spring macros added to FreeMarker configuration
2018-11-04 17:53:58.714  INFO 35830 --- [main] o.s.c.n.eureka.InstanceInfoFactory       : Setting initial instance status as: STARTING
2018-11-04 17:53:58.778  INFO 35830 --- [main] com.netflix.discovery.DiscoveryClient    : Initializing Eureka in region us-east-1
2018-11-04 17:53:58.781  INFO 35830 --- [main] com.netflix.discovery.DiscoveryClient    : Client configured to neither register nor query for data.
2018-11-04 17:53:58.805  INFO 35830 --- [main] com.netflix.discovery.DiscoveryClient    : Discovery Client initialized at timestamp 1541325238805 with initial instances count: 0
2018-11-04 17:53:58.891  INFO 35830 --- [main] c.n.eureka.DefaultEurekaServerContext    : Initializing ...
2018-11-04 17:53:58.894  WARN 35830 --- [main] c.n.eureka.cluster.PeerEurekaNodes       : The replica size seems to be empty. Check the route 53 DNS Registry
2018-11-04 17:53:58.922  INFO 35830 --- [main] c.n.e.registry.AbstractInstanceRegistry  : Finished initializing remote region registries. All known remote regions: []
2018-11-04 17:53:58.924  INFO 35830 --- [main] c.n.eureka.DefaultEurekaServerContext    : Initialized
2018-11-04 17:53:59.275  INFO 35830 --- [main] o.s.c.support.DefaultLifecycleProcessor  : Starting beans in phase 0
2018-11-04 17:53:59.284  INFO 35830 --- [Thread-11] o.s.c.n.e.server.EurekaServerBootstrap   : Setting the eureka configuration..
2018-11-04 17:53:59.284  INFO 35830 --- [Thread-11] o.s.c.n.e.server.EurekaServerBootstrap   : Eureka data center value eureka.datacenter is not set, defaulting to default
2018-11-04 17:53:59.285  INFO 35830 --- [Thread-11] o.s.c.n.e.server.EurekaServerBootstrap   : Eureka environment value eureka.environment is not set, defaulting to test
2018-11-04 17:53:59.312  INFO 35830 --- [Thread-11] o.s.c.n.e.server.EurekaServerBootstrap   : isAws returned false
2018-11-04 17:53:59.313  INFO 35830 --- [Thread-11] o.s.c.n.e.server.EurekaServerBootstrap   : Initialized server context
2018-11-04 17:53:59.313  INFO 35830 --- [Thread-11] c.n.e.r.PeerAwareInstanceRegistryImpl    : Got 1 instances from neighboring DS node
2018-11-04 17:53:59.313  INFO 35830 --- [Thread-11] c.n.e.r.PeerAwareInstanceRegistryImpl    : Renew threshold is: 1
2018-11-04 17:53:59.313  INFO 35830 --- [Thread-11] c.n.e.r.PeerAwareInstanceRegistryImpl    : Changing status to UP
2018-11-04 17:53:59.329  INFO 35830 --- [Thread-11] e.s.EurekaServerInitializerConfiguration : Started Eureka Server
2018-11-04 17:53:59.342  INFO 35830 --- [main] s.s.c.c.Ch03EurekaServerApplicationTests : Started Ch03EurekaServerApplicationTests in 8.788 seconds (JVM running for 9.9)
2018-11-04 17:53:59.424  INFO 35830 --- [Thread-12] o.s.w.c.s.GenericWebApplicationContext   : Closing org.springframework.web.context.support.GenericWebApplicationContext@48c35007: startup date [Sun Nov 04 17:53:53 CST 2018]; parent: org.springframework.context.annotation.AnnotationConfigApplicationContext@1972e513
2018-11-04 17:53:59.425  INFO 35830 --- [Thread-12] o.s.c.n.e.s.EurekaServiceRegistry        : Unregistering application eureka-server with eureka with status DOWN
2018-11-04 17:53:59.427  INFO 35830 --- [Thread-12] o.s.c.support.DefaultLifecycleProcessor  : Stopping beans in phase 0
2018-11-04 17:53:59.429  INFO 35830 --- [Thread-12] c.n.eureka.DefaultEurekaServerContext    : Shutting down ...
2018-11-04 17:53:59.433  INFO 35830 --- [Thread-12] c.n.eureka.DefaultEurekaServerContext    : Shut down
2018-11-04 17:53:59.443  INFO 35830 --- [Thread-12] com.netflix.discovery.DiscoveryClient    : Shutting down DiscoveryClient ...
2018-11-04 17:53:59.443  INFO 35830 --- [Thread-12] com.netflix.discovery.DiscoveryClient    : Completed shut down of DiscoveryClient
